I, [2018-10-23T13:28:05.168288 #13706]  INFO -- default-centos-7: -----> Creating <default-centos-7>...
I, [2018-10-23T13:28:07.988332 #13706]  INFO -- default-centos-7: The provider 'virtualbox' that was requested to back the machine
I, [2018-10-23T13:28:07.988505 #13706]  INFO -- default-centos-7: 'default' is reporting that it isn't usable on this system. The
I, [2018-10-23T13:28:07.988552 #13706]  INFO -- default-centos-7: reason is shown below:
I, [2018-10-23T13:28:07.988598 #13706]  INFO -- default-centos-7: 
I, [2018-10-23T13:28:07.988638 #13706]  INFO -- default-centos-7: Vagrant could not detect VirtualBox! Make sure VirtualBox is properly installed.
I, [2018-10-23T13:28:07.988684 #13706]  INFO -- default-centos-7: Vagrant uses the `VBoxManage` binary that ships with VirtualBox, and requires
I, [2018-10-23T13:28:07.988728 #13706]  INFO -- default-centos-7: this to be available on the PATH. If VirtualBox is installed, please find the
I, [2018-10-23T13:28:07.988780 #13706]  INFO -- default-centos-7: `VBoxManage` binary and add it to the PATH environmental variable.
E, [2018-10-23T13:28:08.011807 #13706] ERROR -- default-centos-7: Create failed on instance <default-centos-7>.
E, [2018-10-23T13:28:08.012028 #13706] ERROR -- default-centos-7: ------Exception-------
E, [2018-10-23T13:28:08.012070 #13706] ERROR -- default-centos-7: Class: Kitchen::ShellOut::ShellCommandFailed
E, [2018-10-23T13:28:08.012104 #13706] ERROR -- default-centos-7: Message: Expected process to exit with [0], but received '1'
---- Begin output of vagrant up --no-provision --provider virtualbox ----
STDOUT: 
STDERR: The provider 'virtualbox' that was requested to back the machine
'default' is reporting that it isn't usable on this system. The
reason is shown below:

Vagrant could not detect VirtualBox! Make sure VirtualBox is properly installed.
Vagrant uses the `VBoxManage` binary that ships with VirtualBox, and requires
this to be available on the PATH. If VirtualBox is installed, please find the
`VBoxManage` binary and add it to the PATH environmental variable.
---- End output of vagrant up --no-provision --provider virtualbox ----
Ran vagrant up --no-provision --provider virtualbox returned 1
E, [2018-10-23T13:28:08.012137 #13706] ERROR -- default-centos-7: ----------------------
E, [2018-10-23T13:28:08.012170 #13706] ERROR -- default-centos-7: ------Backtrace-------
E, [2018-10-23T13:28:08.012203 #13706] ERROR -- default-centos-7: /opt/chefdk/embedded/lib/ruby/gems/2.5.0/gems/test-kitchen-1.23.2/lib/kitchen/shell_out.rb:71:in `rescue in run_command'
E, [2018-10-23T13:28:08.012235 #13706] ERROR -- default-centos-7: /opt/chefdk/embedded/lib/ruby/gems/2.5.0/gems/test-kitchen-1.23.2/lib/kitchen/shell_out.rb:58:in `run_command'
E, [2018-10-23T13:28:08.012269 #13706] ERROR -- default-centos-7: /opt/chefdk/embedded/lib/ruby/gems/2.5.0/gems/kitchen-vagrant-1.3.4/lib/kitchen/driver/vagrant.rb:452:in `run_command'
E, [2018-10-23T13:28:08.012302 #13706] ERROR -- default-centos-7: /opt/chefdk/embedded/lib/ruby/gems/2.5.0/gems/kitchen-vagrant-1.3.4/lib/kitchen/driver/vagrant.rb:399:in `run'
E, [2018-10-23T13:28:08.012335 #13706] ERROR -- default-centos-7: /opt/chefdk/embedded/lib/ruby/gems/2.5.0/gems/kitchen-vagrant-1.3.4/lib/kitchen/driver/vagrant.rb:483:in `run_vagrant_up'
E, [2018-10-23T13:28:08.012368 #13706] ERROR -- default-centos-7: /opt/chefdk/embedded/lib/ruby/gems/2.5.0/gems/kitchen-vagrant-1.3.4/lib/kitchen/driver/vagrant.rb:109:in `create'
E, [2018-10-23T13:28:08.012401 #13706] ERROR -- default-centos-7: /opt/chefdk/embedded/lib/ruby/gems/2.5.0/gems/test-kitchen-1.23.2/lib/kitchen/instance.rb:484:in `public_send'
E, [2018-10-23T13:28:08.012465 #13706] ERROR -- default-centos-7: /opt/chefdk/embedded/lib/ruby/gems/2.5.0/gems/test-kitchen-1.23.2/lib/kitchen/instance.rb:484:in `block in perform_action'
E, [2018-10-23T13:28:08.012502 #13706] ERROR -- default-centos-7: /opt/chefdk/embedded/lib/ruby/gems/2.5.0/gems/test-kitchen-1.23.2/lib/kitchen/instance.rb:548:in `block in synchronize_or_call'
E, [2018-10-23T13:28:08.012548 #13706] ERROR -- default-centos-7: /opt/chefdk/embedded/lib/ruby/gems/2.5.0/gems/test-kitchen-1.23.2/lib/kitchen/instance.rb:546:in `synchronize'
E, [2018-10-23T13:28:08.012592 #13706] ERROR -- default-centos-7: /opt/chefdk/embedded/lib/ruby/gems/2.5.0/gems/test-kitchen-1.23.2/lib/kitchen/instance.rb:546:in `synchronize_or_call'
E, [2018-10-23T13:28:08.012626 #13706] ERROR -- default-centos-7: /opt/chefdk/embedded/lib/ruby/gems/2.5.0/gems/test-kitchen-1.23.2/lib/kitchen/instance.rb:513:in `block in action'
E, [2018-10-23T13:28:08.012660 #13706] ERROR -- default-centos-7: /opt/chefdk/embedded/lib/ruby/2.5.0/benchmark.rb:293:in `measure'
E, [2018-10-23T13:28:08.012693 #13706] ERROR -- default-centos-7: /opt/chefdk/embedded/lib/ruby/gems/2.5.0/gems/test-kitchen-1.23.2/lib/kitchen/instance.rb:512:in `action'
E, [2018-10-23T13:28:08.012726 #13706] ERROR -- default-centos-7: /opt/chefdk/embedded/lib/ruby/gems/2.5.0/gems/test-kitchen-1.23.2/lib/kitchen/instance.rb:484:in `perform_action'
E, [2018-10-23T13:28:08.012759 #13706] ERROR -- default-centos-7: /opt/chefdk/embedded/lib/ruby/gems/2.5.0/gems/test-kitchen-1.23.2/lib/kitchen/instance.rb:394:in `create_action'
E, [2018-10-23T13:28:08.012792 #13706] ERROR -- default-centos-7: /opt/chefdk/embedded/lib/ruby/gems/2.5.0/gems/test-kitchen-1.23.2/lib/kitchen/instance.rb:382:in `block (2 levels) in transition_to'
E, [2018-10-23T13:28:08.012824 #13706] ERROR -- default-centos-7: /opt/chefdk/embedded/lib/ruby/gems/2.5.0/gems/test-kitchen-1.23.2/lib/kitchen/lifecycle_hooks.rb:45:in `run_with_hooks'
E, [2018-10-23T13:28:08.012858 #13706] ERROR -- default-centos-7: /opt/chefdk/embedded/lib/ruby/gems/2.5.0/gems/test-kitchen-1.23.2/lib/kitchen/instance.rb:381:in `block in transition_to'
E, [2018-10-23T13:28:08.012890 #13706] ERROR -- default-centos-7: /opt/chefdk/embedded/lib/ruby/gems/2.5.0/gems/test-kitchen-1.23.2/lib/kitchen/instance.rb:380:in `each'
E, [2018-10-23T13:28:08.012967 #13706] ERROR -- default-centos-7: /opt/chefdk/embedded/lib/ruby/gems/2.5.0/gems/test-kitchen-1.23.2/lib/kitchen/instance.rb:380:in `transition_to'
E, [2018-10-23T13:28:08.013010 #13706] ERROR -- default-centos-7: /opt/chefdk/embedded/lib/ruby/gems/2.5.0/gems/test-kitchen-1.23.2/lib/kitchen/instance.rb:129:in `create'
E, [2018-10-23T13:28:08.013045 #13706] ERROR -- default-centos-7: /opt/chefdk/embedded/lib/ruby/gems/2.5.0/gems/test-kitchen-1.23.2/lib/kitchen/command.rb:197:in `public_send'
E, [2018-10-23T13:28:08.013078 #13706] ERROR -- default-centos-7: /opt/chefdk/embedded/lib/ruby/gems/2.5.0/gems/test-kitchen-1.23.2/lib/kitchen/command.rb:197:in `run_action_in_thread'
E, [2018-10-23T13:28:08.013111 #13706] ERROR -- default-centos-7: /opt/chefdk/embedded/lib/ruby/gems/2.5.0/gems/test-kitchen-1.23.2/lib/kitchen/command.rb:169:in `block (2 levels) in run_action'
E, [2018-10-23T13:28:08.013144 #13706] ERROR -- default-centos-7: ----End Backtrace-----
E, [2018-10-23T13:28:08.013176 #13706] ERROR -- default-centos-7: ---Nested Exception---
E, [2018-10-23T13:28:08.013208 #13706] ERROR -- default-centos-7: Class: Mixlib::ShellOut::ShellCommandFailed
E, [2018-10-23T13:28:08.013239 #13706] ERROR -- default-centos-7: Message: Expected process to exit with [0], but received '1'
---- Begin output of vagrant up --no-provision --provider virtualbox ----
STDOUT: 
STDERR: The provider 'virtualbox' that was requested to back the machine
'default' is reporting that it isn't usable on this system. The
reason is shown below:

Vagrant could not detect VirtualBox! Make sure VirtualBox is properly installed.
Vagrant uses the `VBoxManage` binary that ships with VirtualBox, and requires
this to be available on the PATH. If VirtualBox is installed, please find the
`VBoxManage` binary and add it to the PATH environmental variable.
---- End output of vagrant up --no-provision --provider virtualbox ----
Ran vagrant up --no-provision --provider virtualbox returned 1
E, [2018-10-23T13:28:08.013280 #13706] ERROR -- default-centos-7: ----------------------
E, [2018-10-23T13:28:08.013317 #13706] ERROR -- default-centos-7: ------Backtrace-------
E, [2018-10-23T13:28:08.013349 #13706] ERROR -- default-centos-7: /opt/chefdk/embedded/lib/ruby/gems/2.5.0/gems/test-kitchen-1.23.2/lib/kitchen/shell_out.rb:71:in `rescue in run_command'
E, [2018-10-23T13:28:08.013392 #13706] ERROR -- default-centos-7: /opt/chefdk/embedded/lib/ruby/gems/2.5.0/gems/test-kitchen-1.23.2/lib/kitchen/shell_out.rb:58:in `run_command'
E, [2018-10-23T13:28:08.013452 #13706] ERROR -- default-centos-7: /opt/chefdk/embedded/lib/ruby/gems/2.5.0/gems/kitchen-vagrant-1.3.4/lib/kitchen/driver/vagrant.rb:452:in `run_command'
E, [2018-10-23T13:28:08.013489 #13706] ERROR -- default-centos-7: /opt/chefdk/embedded/lib/ruby/gems/2.5.0/gems/kitchen-vagrant-1.3.4/lib/kitchen/driver/vagrant.rb:399:in `run'
E, [2018-10-23T13:28:08.013523 #13706] ERROR -- default-centos-7: /opt/chefdk/embedded/lib/ruby/gems/2.5.0/gems/kitchen-vagrant-1.3.4/lib/kitchen/driver/vagrant.rb:483:in `run_vagrant_up'
E, [2018-10-23T13:28:08.013556 #13706] ERROR -- default-centos-7: /opt/chefdk/embedded/lib/ruby/gems/2.5.0/gems/kitchen-vagrant-1.3.4/lib/kitchen/driver/vagrant.rb:109:in `create'
E, [2018-10-23T13:28:08.013588 #13706] ERROR -- default-centos-7: /opt/chefdk/embedded/lib/ruby/gems/2.5.0/gems/test-kitchen-1.23.2/lib/kitchen/instance.rb:484:in `public_send'
E, [2018-10-23T13:28:08.013621 #13706] ERROR -- default-centos-7: /opt/chefdk/embedded/lib/ruby/gems/2.5.0/gems/test-kitchen-1.23.2/lib/kitchen/instance.rb:484:in `block in perform_action'
E, [2018-10-23T13:28:08.013653 #13706] ERROR -- default-centos-7: /opt/chefdk/embedded/lib/ruby/gems/2.5.0/gems/test-kitchen-1.23.2/lib/kitchen/instance.rb:548:in `block in synchronize_or_call'
E, [2018-10-23T13:28:08.013691 #13706] ERROR -- default-centos-7: /opt/chefdk/embedded/lib/ruby/gems/2.5.0/gems/test-kitchen-1.23.2/lib/kitchen/instance.rb:546:in `synchronize'
E, [2018-10-23T13:28:08.013724 #13706] ERROR -- default-centos-7: /opt/chefdk/embedded/lib/ruby/gems/2.5.0/gems/test-kitchen-1.23.2/lib/kitchen/instance.rb:546:in `synchronize_or_call'
E, [2018-10-23T13:28:08.013757 #13706] ERROR -- default-centos-7: /opt/chefdk/embedded/lib/ruby/gems/2.5.0/gems/test-kitchen-1.23.2/lib/kitchen/instance.rb:513:in `block in action'
E, [2018-10-23T13:28:08.013790 #13706] ERROR -- default-centos-7: /opt/chefdk/embedded/lib/ruby/2.5.0/benchmark.rb:293:in `measure'
E, [2018-10-23T13:28:08.013822 #13706] ERROR -- default-centos-7: /opt/chefdk/embedded/lib/ruby/gems/2.5.0/gems/test-kitchen-1.23.2/lib/kitchen/instance.rb:512:in `action'
E, [2018-10-23T13:28:08.013855 #13706] ERROR -- default-centos-7: /opt/chefdk/embedded/lib/ruby/gems/2.5.0/gems/test-kitchen-1.23.2/lib/kitchen/instance.rb:484:in `perform_action'
E, [2018-10-23T13:28:08.013887 #13706] ERROR -- default-centos-7: /opt/chefdk/embedded/lib/ruby/gems/2.5.0/gems/test-kitchen-1.23.2/lib/kitchen/instance.rb:394:in `create_action'
E, [2018-10-23T13:28:08.013919 #13706] ERROR -- default-centos-7: /opt/chefdk/embedded/lib/ruby/gems/2.5.0/gems/test-kitchen-1.23.2/lib/kitchen/instance.rb:382:in `block (2 levels) in transition_to'
E, [2018-10-23T13:28:08.013996 #13706] ERROR -- default-centos-7: /opt/chefdk/embedded/lib/ruby/gems/2.5.0/gems/test-kitchen-1.23.2/lib/kitchen/lifecycle_hooks.rb:45:in `run_with_hooks'
E, [2018-10-23T13:28:08.014030 #13706] ERROR -- default-centos-7: /opt/chefdk/embedded/lib/ruby/gems/2.5.0/gems/test-kitchen-1.23.2/lib/kitchen/instance.rb:381:in `block in transition_to'
E, [2018-10-23T13:28:08.014063 #13706] ERROR -- default-centos-7: /opt/chefdk/embedded/lib/ruby/gems/2.5.0/gems/test-kitchen-1.23.2/lib/kitchen/instance.rb:380:in `each'
E, [2018-10-23T13:28:08.014096 #13706] ERROR -- default-centos-7: /opt/chefdk/embedded/lib/ruby/gems/2.5.0/gems/test-kitchen-1.23.2/lib/kitchen/instance.rb:380:in `transition_to'
E, [2018-10-23T13:28:08.014128 #13706] ERROR -- default-centos-7: /opt/chefdk/embedded/lib/ruby/gems/2.5.0/gems/test-kitchen-1.23.2/lib/kitchen/instance.rb:129:in `create'
E, [2018-10-23T13:28:08.014161 #13706] ERROR -- default-centos-7: /opt/chefdk/embedded/lib/ruby/gems/2.5.0/gems/test-kitchen-1.23.2/lib/kitchen/command.rb:197:in `public_send'
E, [2018-10-23T13:28:08.014200 #13706] ERROR -- default-centos-7: /opt/chefdk/embedded/lib/ruby/gems/2.5.0/gems/test-kitchen-1.23.2/lib/kitchen/command.rb:197:in `run_action_in_thread'
E, [2018-10-23T13:28:08.014233 #13706] ERROR -- default-centos-7: /opt/chefdk/embedded/lib/ruby/gems/2.5.0/gems/test-kitchen-1.23.2/lib/kitchen/command.rb:169:in `block (2 levels) in run_action'
E, [2018-10-23T13:28:08.014275 #13706] ERROR -- default-centos-7: ----End Backtrace-----
