I, [2018-10-23T13:27:55.500143 #13706]  INFO -- default-ubuntu-1604: -----> Creating <default-ubuntu-1604>...
I, [2018-10-23T13:28:04.272428 #13706]  INFO -- default-ubuntu-1604: The provider 'virtualbox' that was requested to back the machine
I, [2018-10-23T13:28:04.332978 #13706]  INFO -- default-ubuntu-1604: 'default' is reporting that it isn't usable on this system. The
I, [2018-10-23T13:28:04.333101 #13706]  INFO -- default-ubuntu-1604: reason is shown below:
I, [2018-10-23T13:28:04.333150 #13706]  INFO -- default-ubuntu-1604: 
I, [2018-10-23T13:28:04.333190 #13706]  INFO -- default-ubuntu-1604: Vagrant could not detect VirtualBox! Make sure VirtualBox is properly installed.
I, [2018-10-23T13:28:04.333391 #13706]  INFO -- default-ubuntu-1604: Vagrant uses the `VBoxManage` binary that ships with VirtualBox, and requires
I, [2018-10-23T13:28:04.333439 #13706]  INFO -- default-ubuntu-1604: this to be available on the PATH. If VirtualBox is installed, please find the
I, [2018-10-23T13:28:04.333488 #13706]  INFO -- default-ubuntu-1604: `VBoxManage` binary and add it to the PATH environmental variable.
E, [2018-10-23T13:28:04.720680 #13706] ERROR -- default-ubuntu-1604: Create failed on instance <default-ubuntu-1604>.
E, [2018-10-23T13:28:04.721611 #13706] ERROR -- default-ubuntu-1604: ------Exception-------
E, [2018-10-23T13:28:04.721767 #13706] ERROR -- default-ubuntu-1604: Class: Kitchen::ShellOut::ShellCommandFailed
E, [2018-10-23T13:28:04.721901 #13706] ERROR -- default-ubuntu-1604: Message: Expected process to exit with [0], but received '1'
---- Begin output of vagrant up --no-provision --provider virtualbox ----
STDOUT: 
STDERR: The provider 'virtualbox' that was requested to back the machine
'default' is reporting that it isn't usable on this system. The
reason is shown below:

Vagrant could not detect VirtualBox! Make sure VirtualBox is properly installed.
Vagrant uses the `VBoxManage` binary that ships with VirtualBox, and requires
this to be available on the PATH. If VirtualBox is installed, please find the
`VBoxManage` binary and add it to the PATH environmental variable.
---- End output of vagrant up --no-provision --provider virtualbox ----
Ran vagrant up --no-provision --provider virtualbox returned 1
E, [2018-10-23T13:28:04.722079 #13706] ERROR -- default-ubuntu-1604: ----------------------
E, [2018-10-23T13:28:04.722194 #13706] ERROR -- default-ubuntu-1604: ------Backtrace-------
E, [2018-10-23T13:28:04.722302 #13706] ERROR -- default-ubuntu-1604: /opt/chefdk/embedded/lib/ruby/gems/2.5.0/gems/test-kitchen-1.23.2/lib/kitchen/shell_out.rb:71:in `rescue in run_command'
E, [2018-10-23T13:28:04.723237 #13706] ERROR -- default-ubuntu-1604: /opt/chefdk/embedded/lib/ruby/gems/2.5.0/gems/test-kitchen-1.23.2/lib/kitchen/shell_out.rb:58:in `run_command'
E, [2018-10-23T13:28:04.723555 #13706] ERROR -- default-ubuntu-1604: /opt/chefdk/embedded/lib/ruby/gems/2.5.0/gems/kitchen-vagrant-1.3.4/lib/kitchen/driver/vagrant.rb:452:in `run_command'
E, [2018-10-23T13:28:04.723716 #13706] ERROR -- default-ubuntu-1604: /opt/chefdk/embedded/lib/ruby/gems/2.5.0/gems/kitchen-vagrant-1.3.4/lib/kitchen/driver/vagrant.rb:399:in `run'
E, [2018-10-23T13:28:04.723851 #13706] ERROR -- default-ubuntu-1604: /opt/chefdk/embedded/lib/ruby/gems/2.5.0/gems/kitchen-vagrant-1.3.4/lib/kitchen/driver/vagrant.rb:483:in `run_vagrant_up'
E, [2018-10-23T13:28:04.724124 #13706] ERROR -- default-ubuntu-1604: /opt/chefdk/embedded/lib/ruby/gems/2.5.0/gems/kitchen-vagrant-1.3.4/lib/kitchen/driver/vagrant.rb:109:in `create'
E, [2018-10-23T13:28:04.724182 #13706] ERROR -- default-ubuntu-1604: /opt/chefdk/embedded/lib/ruby/gems/2.5.0/gems/test-kitchen-1.23.2/lib/kitchen/instance.rb:484:in `public_send'
E, [2018-10-23T13:28:04.724246 #13706] ERROR -- default-ubuntu-1604: /opt/chefdk/embedded/lib/ruby/gems/2.5.0/gems/test-kitchen-1.23.2/lib/kitchen/instance.rb:484:in `block in perform_action'
E, [2018-10-23T13:28:04.724298 #13706] ERROR -- default-ubuntu-1604: /opt/chefdk/embedded/lib/ruby/gems/2.5.0/gems/test-kitchen-1.23.2/lib/kitchen/instance.rb:548:in `block in synchronize_or_call'
E, [2018-10-23T13:28:04.724372 #13706] ERROR -- default-ubuntu-1604: /opt/chefdk/embedded/lib/ruby/gems/2.5.0/gems/test-kitchen-1.23.2/lib/kitchen/instance.rb:546:in `synchronize'
E, [2018-10-23T13:28:04.724430 #13706] ERROR -- default-ubuntu-1604: /opt/chefdk/embedded/lib/ruby/gems/2.5.0/gems/test-kitchen-1.23.2/lib/kitchen/instance.rb:546:in `synchronize_or_call'
E, [2018-10-23T13:28:04.724543 #13706] ERROR -- default-ubuntu-1604: /opt/chefdk/embedded/lib/ruby/gems/2.5.0/gems/test-kitchen-1.23.2/lib/kitchen/instance.rb:513:in `block in action'
E, [2018-10-23T13:28:04.724596 #13706] ERROR -- default-ubuntu-1604: /opt/chefdk/embedded/lib/ruby/2.5.0/benchmark.rb:293:in `measure'
E, [2018-10-23T13:28:04.724646 #13706] ERROR -- default-ubuntu-1604: /opt/chefdk/embedded/lib/ruby/gems/2.5.0/gems/test-kitchen-1.23.2/lib/kitchen/instance.rb:512:in `action'
E, [2018-10-23T13:28:04.724695 #13706] ERROR -- default-ubuntu-1604: /opt/chefdk/embedded/lib/ruby/gems/2.5.0/gems/test-kitchen-1.23.2/lib/kitchen/instance.rb:484:in `perform_action'
E, [2018-10-23T13:28:04.724744 #13706] ERROR -- default-ubuntu-1604: /opt/chefdk/embedded/lib/ruby/gems/2.5.0/gems/test-kitchen-1.23.2/lib/kitchen/instance.rb:394:in `create_action'
E, [2018-10-23T13:28:04.724794 #13706] ERROR -- default-ubuntu-1604: /opt/chefdk/embedded/lib/ruby/gems/2.5.0/gems/test-kitchen-1.23.2/lib/kitchen/instance.rb:382:in `block (2 levels) in transition_to'
E, [2018-10-23T13:28:04.724844 #13706] ERROR -- default-ubuntu-1604: /opt/chefdk/embedded/lib/ruby/gems/2.5.0/gems/test-kitchen-1.23.2/lib/kitchen/lifecycle_hooks.rb:45:in `run_with_hooks'
E, [2018-10-23T13:28:04.724893 #13706] ERROR -- default-ubuntu-1604: /opt/chefdk/embedded/lib/ruby/gems/2.5.0/gems/test-kitchen-1.23.2/lib/kitchen/instance.rb:381:in `block in transition_to'
E, [2018-10-23T13:28:04.724977 #13706] ERROR -- default-ubuntu-1604: /opt/chefdk/embedded/lib/ruby/gems/2.5.0/gems/test-kitchen-1.23.2/lib/kitchen/instance.rb:380:in `each'
E, [2018-10-23T13:28:04.725030 #13706] ERROR -- default-ubuntu-1604: /opt/chefdk/embedded/lib/ruby/gems/2.5.0/gems/test-kitchen-1.23.2/lib/kitchen/instance.rb:380:in `transition_to'
E, [2018-10-23T13:28:04.725080 #13706] ERROR -- default-ubuntu-1604: /opt/chefdk/embedded/lib/ruby/gems/2.5.0/gems/test-kitchen-1.23.2/lib/kitchen/instance.rb:129:in `create'
E, [2018-10-23T13:28:04.725129 #13706] ERROR -- default-ubuntu-1604: /opt/chefdk/embedded/lib/ruby/gems/2.5.0/gems/test-kitchen-1.23.2/lib/kitchen/command.rb:197:in `public_send'
E, [2018-10-23T13:28:04.725178 #13706] ERROR -- default-ubuntu-1604: /opt/chefdk/embedded/lib/ruby/gems/2.5.0/gems/test-kitchen-1.23.2/lib/kitchen/command.rb:197:in `run_action_in_thread'
E, [2018-10-23T13:28:04.725228 #13706] ERROR -- default-ubuntu-1604: /opt/chefdk/embedded/lib/ruby/gems/2.5.0/gems/test-kitchen-1.23.2/lib/kitchen/command.rb:169:in `block (2 levels) in run_action'
E, [2018-10-23T13:28:04.725277 #13706] ERROR -- default-ubuntu-1604: ----End Backtrace-----
E, [2018-10-23T13:28:04.725335 #13706] ERROR -- default-ubuntu-1604: ---Nested Exception---
E, [2018-10-23T13:28:04.725390 #13706] ERROR -- default-ubuntu-1604: Class: Mixlib::ShellOut::ShellCommandFailed
E, [2018-10-23T13:28:04.725520 #13706] ERROR -- default-ubuntu-1604: Message: Expected process to exit with [0], but received '1'
---- Begin output of vagrant up --no-provision --provider virtualbox ----
STDOUT: 
STDERR: The provider 'virtualbox' that was requested to back the machine
'default' is reporting that it isn't usable on this system. The
reason is shown below:

Vagrant could not detect VirtualBox! Make sure VirtualBox is properly installed.
Vagrant uses the `VBoxManage` binary that ships with VirtualBox, and requires
this to be available on the PATH. If VirtualBox is installed, please find the
`VBoxManage` binary and add it to the PATH environmental variable.
---- End output of vagrant up --no-provision --provider virtualbox ----
Ran vagrant up --no-provision --provider virtualbox returned 1
E, [2018-10-23T13:28:04.725584 #13706] ERROR -- default-ubuntu-1604: ----------------------
E, [2018-10-23T13:28:04.725653 #13706] ERROR -- default-ubuntu-1604: ------Backtrace-------
E, [2018-10-23T13:28:04.725709 #13706] ERROR -- default-ubuntu-1604: /opt/chefdk/embedded/lib/ruby/gems/2.5.0/gems/test-kitchen-1.23.2/lib/kitchen/shell_out.rb:71:in `rescue in run_command'
E, [2018-10-23T13:28:04.725759 #13706] ERROR -- default-ubuntu-1604: /opt/chefdk/embedded/lib/ruby/gems/2.5.0/gems/test-kitchen-1.23.2/lib/kitchen/shell_out.rb:58:in `run_command'
E, [2018-10-23T13:28:04.725822 #13706] ERROR -- default-ubuntu-1604: /opt/chefdk/embedded/lib/ruby/gems/2.5.0/gems/kitchen-vagrant-1.3.4/lib/kitchen/driver/vagrant.rb:452:in `run_command'
E, [2018-10-23T13:28:04.725872 #13706] ERROR -- default-ubuntu-1604: /opt/chefdk/embedded/lib/ruby/gems/2.5.0/gems/kitchen-vagrant-1.3.4/lib/kitchen/driver/vagrant.rb:399:in `run'
E, [2018-10-23T13:28:04.725921 #13706] ERROR -- default-ubuntu-1604: /opt/chefdk/embedded/lib/ruby/gems/2.5.0/gems/kitchen-vagrant-1.3.4/lib/kitchen/driver/vagrant.rb:483:in `run_vagrant_up'
E, [2018-10-23T13:28:04.725998 #13706] ERROR -- default-ubuntu-1604: /opt/chefdk/embedded/lib/ruby/gems/2.5.0/gems/kitchen-vagrant-1.3.4/lib/kitchen/driver/vagrant.rb:109:in `create'
E, [2018-10-23T13:28:04.726050 #13706] ERROR -- default-ubuntu-1604: /opt/chefdk/embedded/lib/ruby/gems/2.5.0/gems/test-kitchen-1.23.2/lib/kitchen/instance.rb:484:in `public_send'
E, [2018-10-23T13:28:04.726100 #13706] ERROR -- default-ubuntu-1604: /opt/chefdk/embedded/lib/ruby/gems/2.5.0/gems/test-kitchen-1.23.2/lib/kitchen/instance.rb:484:in `block in perform_action'
E, [2018-10-23T13:28:04.726149 #13706] ERROR -- default-ubuntu-1604: /opt/chefdk/embedded/lib/ruby/gems/2.5.0/gems/test-kitchen-1.23.2/lib/kitchen/instance.rb:548:in `block in synchronize_or_call'
E, [2018-10-23T13:28:04.726198 #13706] ERROR -- default-ubuntu-1604: /opt/chefdk/embedded/lib/ruby/gems/2.5.0/gems/test-kitchen-1.23.2/lib/kitchen/instance.rb:546:in `synchronize'
E, [2018-10-23T13:28:04.726247 #13706] ERROR -- default-ubuntu-1604: /opt/chefdk/embedded/lib/ruby/gems/2.5.0/gems/test-kitchen-1.23.2/lib/kitchen/instance.rb:546:in `synchronize_or_call'
E, [2018-10-23T13:28:04.726309 #13706] ERROR -- default-ubuntu-1604: /opt/chefdk/embedded/lib/ruby/gems/2.5.0/gems/test-kitchen-1.23.2/lib/kitchen/instance.rb:513:in `block in action'
E, [2018-10-23T13:28:04.726359 #13706] ERROR -- default-ubuntu-1604: /opt/chefdk/embedded/lib/ruby/2.5.0/benchmark.rb:293:in `measure'
E, [2018-10-23T13:28:04.726409 #13706] ERROR -- default-ubuntu-1604: /opt/chefdk/embedded/lib/ruby/gems/2.5.0/gems/test-kitchen-1.23.2/lib/kitchen/instance.rb:512:in `action'
E, [2018-10-23T13:28:04.726509 #13706] ERROR -- default-ubuntu-1604: /opt/chefdk/embedded/lib/ruby/gems/2.5.0/gems/test-kitchen-1.23.2/lib/kitchen/instance.rb:484:in `perform_action'
E, [2018-10-23T13:28:04.726570 #13706] ERROR -- default-ubuntu-1604: /opt/chefdk/embedded/lib/ruby/gems/2.5.0/gems/test-kitchen-1.23.2/lib/kitchen/instance.rb:394:in `create_action'
E, [2018-10-23T13:28:04.726621 #13706] ERROR -- default-ubuntu-1604: /opt/chefdk/embedded/lib/ruby/gems/2.5.0/gems/test-kitchen-1.23.2/lib/kitchen/instance.rb:382:in `block (2 levels) in transition_to'
E, [2018-10-23T13:28:04.726671 #13706] ERROR -- default-ubuntu-1604: /opt/chefdk/embedded/lib/ruby/gems/2.5.0/gems/test-kitchen-1.23.2/lib/kitchen/lifecycle_hooks.rb:45:in `run_with_hooks'
E, [2018-10-23T13:28:04.726720 #13706] ERROR -- default-ubuntu-1604: /opt/chefdk/embedded/lib/ruby/gems/2.5.0/gems/test-kitchen-1.23.2/lib/kitchen/instance.rb:381:in `block in transition_to'
E, [2018-10-23T13:28:04.726770 #13706] ERROR -- default-ubuntu-1604: /opt/chefdk/embedded/lib/ruby/gems/2.5.0/gems/test-kitchen-1.23.2/lib/kitchen/instance.rb:380:in `each'
E, [2018-10-23T13:28:04.726825 #13706] ERROR -- default-ubuntu-1604: /opt/chefdk/embedded/lib/ruby/gems/2.5.0/gems/test-kitchen-1.23.2/lib/kitchen/instance.rb:380:in `transition_to'
E, [2018-10-23T13:28:04.726874 #13706] ERROR -- default-ubuntu-1604: /opt/chefdk/embedded/lib/ruby/gems/2.5.0/gems/test-kitchen-1.23.2/lib/kitchen/instance.rb:129:in `create'
E, [2018-10-23T13:28:04.728581 #13706] ERROR -- default-ubuntu-1604: /opt/chefdk/embedded/lib/ruby/gems/2.5.0/gems/test-kitchen-1.23.2/lib/kitchen/command.rb:197:in `public_send'
E, [2018-10-23T13:28:04.728715 #13706] ERROR -- default-ubuntu-1604: /opt/chefdk/embedded/lib/ruby/gems/2.5.0/gems/test-kitchen-1.23.2/lib/kitchen/command.rb:197:in `run_action_in_thread'
E, [2018-10-23T13:28:04.728774 #13706] ERROR -- default-ubuntu-1604: /opt/chefdk/embedded/lib/ruby/gems/2.5.0/gems/test-kitchen-1.23.2/lib/kitchen/command.rb:169:in `block (2 levels) in run_action'
E, [2018-10-23T13:28:04.728832 #13706] ERROR -- default-ubuntu-1604: ----End Backtrace-----
